#
# There is insufficient memory for the Java Runtime Environment to continue.
# Native memory allocation (mmap) failed to map 5368709120 bytes for Failed to commit area from 0x00000006c0000000 to 0x0000000800000000 of length 5368709120.
# Possible reasons:
#   The system is out of physical RAM or swap space
#   The process is running with CompressedOops enabled, and the Java Heap may be blocking the growth of the native heap
# Possible solutions:
#   Reduce memory load on the system
#   Increase physical memory or swap space
#   Check if swap backing store is full
#   Decrease Java heap size (-Xmx/-Xms)
#   Decrease number of Java threads
#   Decrease Java thread stack sizes (-Xss)
#   Set larger code cache with -XX:ReservedCodeCacheSize=
# This output file may be truncated or incomplete.
#
#  Out of Memory Error (./src/hotspot/os/windows/os_windows.cpp:3301), pid=22084, tid=22228
#
# JRE version:  (11.0.10+9) (build )
# Java VM: Dynamic Code Evolution 64-Bit Server VM (11.0.10+9-b1341.41, mixed mode, sharing, tiered, compressed oops, g1 gc, windows-amd64)
# No core dump will be written. Minidumps are not enabled by default on client versions of Windows
#

---------------  S U M M A R Y ------------

Command Line: -Djava.rmi.server.hostname=127.0.0.1 -Duser.timezone=UTC -Xmx5120m -Xms5120m -Dfile.encoding=UTF-8 com.intellij.database.remote.RemoteJdbcServer com.mysql.cj.jdbc.Driver

Host: Intel(R) Core(TM) i7-8550U CPU @ 1.80GHz, 8 cores, 7G,  Windows 10 , 64 bit Build 19041 (10.0.19041.1566)
Time: Wed Apr 13 23:16:10 2022 中国标准时间 elapsed time: 2.120608 seconds (0d 0h 0m 2s)

---------------  T H R E A D  ---------------

Current thread (0x00000214a45ad000):  JavaThread "Unknown thread" [_thread_in_vm, id=22228, stack(0x00000044d0500000,0x00000044d0600000)]

Stack: [0x00000044d0500000,0x00000044d0600000]
Native frames: (J=compiled Java code, j=interpreted, Vv=VM code, C=native code)
V  [jvm.dll+0x5f84fa]
V  [jvm.dll+0x77e085]
V  [jvm.dll+0x77f5dd]
V  [jvm.dll+0x77fc93]
V  [jvm.dll+0x2457e8]
V  [jvm.dll+0x5f58f4]
V  [jvm.dll+0x5ea975]
V  [jvm.dll+0x30228b]
V  [jvm.dll+0x3021fa]
V  [jvm.dll+0x3020d2]
V  [jvm.dll+0x306fb6]
V  [jvm.dll+0x34f843]
V  [jvm.dll+0x34ff46]
V  [jvm.dll+0x34f943]
V  [jvm.dll+0x2dbcb8]
V  [jvm.dll+0x2dce57]
V  [jvm.dll+0x75c4d7]
V  [jvm.dll+0x75dd6c]
V  [jvm.dll+0x35cdb9]
V  [jvm.dll+0x73fc9e]
V  [jvm.dll+0x3c5663]
V  [jvm.dll+0x3c7a21]
C  [jli.dll+0x5373]
C  [ucrtbase.dll+0x21bb2]
C  [KERNEL32.DLL+0x17034]
C  [ntdll.dll+0x52651]


---------------  P R O C E S S  ---------------

Threads class SMR info:
_java_thread_list=0x00000214a2c33e80, length=0, elements={
}

Java Threads: ( => current thread )

Other Threads:
  0x00000214a45c5000 GCTaskThread "GC Thread#0" [stack: 0x00000044d0600000,0x00000044d0700000] [id=22232]
  0x00000214a4618000 ConcurrentGCThread "G1 Main Marker" [stack: 0x00000044d0700000,0x00000044d0800000] [id=22236]
  0x00000214a461a800 ConcurrentGCThread "G1 Conc#0" [stack: 0x00000044d0800000,0x00000044d0900000] [id=22240]

[error occurred during error reporting (printing all threads), id 0xc0000005, EXCEPTION_ACCESS_VIOLATION (0xc0000005) at pc=0x00007ffc2f72c437]

VM state:not at safepoint (not fully initialized)

VM Mutex/Monitor currently owned by a thread:  ([mutex/lock_event])
[0x00000214a45ab960] Heap_lock - owner thread: 0x00000214a45ad000

Heap address: 0x00000006c0000000, size: 5120 MB, Compressed Oops mode: Non-zero based: 0x00000006c0000000
Narrow klass base: 0x0000000000000000, Narrow klass shift: 0

GC Heap History (0 events):
No events

Deoptimization events (0 events):
No events

Classes redefined (0 events):
No events

Internal exceptions (0 events):
No events

Events (1 events):
Event: 0.030 Loaded shared library D:\JetBrains\IntelliJ IDEA 2021.1.1\jbr\bin\zip.dll


Dynamic libraries:
0x00007ff623830000 - 0x00007ff62383a000 	D:\JetBrains\IntelliJ IDEA 2021.1.1\jbr\bin\java.exe
0x00007ffc82650000 - 0x00007ffc82845000 	C:\WINDOWS\SYSTEM32\ntdll.dll
0x00007ffc812f0000 - 0x00007ffc813ae000 	C:\WINDOWS\System32\KERNEL32.DLL
0x00007ffc80220000 - 0x00007ffc804e8000 	C:\WINDOWS\System32\KERNELBASE.dll
0x00007ffc800a0000 - 0x00007ffc801a0000 	C:\WINDOWS\System32\ucrtbase.dll
0x00007ffc57210000 - 0x00007ffc57229000 	D:\JetBrains\IntelliJ IDEA 2021.1.1\jbr\bin\jli.dll
0x00007ffc56ed0000 - 0x00007ffc56ee7000 	D:\JetBrains\IntelliJ IDEA 2021.1.1\jbr\bin\VCRUNTIME140.dll
0x00007ffc82470000 - 0x00007ffc82610000 	C:\WINDOWS\System32\USER32.dll
0x00007ffc801a0000 - 0x00007ffc801c2000 	C:\WINDOWS\System32\win32u.dll
0x00007ffc80620000 - 0x00007ffc8064b000 	C:\WINDOWS\System32\GDI32.dll
0x00007ffc7fb60000 - 0x00007ffc7fc6b000 	C:\WINDOWS\System32\gdi32full.dll
0x00007ffc7fac0000 - 0x00007ffc7fb5d000 	C:\WINDOWS\System32\msvcp_win.dll
0x00007ffc6ddd0000 - 0x00007ffc6e06a000 	C:\WINDOWS\WinSxS\amd64_microsoft.windows.common-controls_6595b64144ccf1df_6.0.19041.1110_none_60b5254171f9507e\COMCTL32.dll
0x00007ffc81250000 - 0x00007ffc812ee000 	C:\WINDOWS\System32\msvcrt.dll
0x00007ffc813b0000 - 0x00007ffc813e0000 	C:\WINDOWS\System32\IMM32.DLL
0x00007ffc43d00000 - 0x00007ffc43d9d000 	D:\JetBrains\IntelliJ IDEA 2021.1.1\jbr\bin\msvcp140.dll
0x00007ffc2f440000 - 0x00007ffc2ff8f000 	D:\JetBrains\IntelliJ IDEA 2021.1.1\jbr\bin\server\jvm.dll
0x00007ffc810d0000 - 0x00007ffc8117e000 	C:\WINDOWS\System32\ADVAPI32.dll
0x00007ffc80be0000 - 0x00007ffc80c7c000 	C:\WINDOWS\System32\sechost.dll
0x00007ffc804f0000 - 0x00007ffc80615000 	C:\WINDOWS\System32\RPCRT4.dll
0x00007ffc81970000 - 0x00007ffc81978000 	C:\WINDOWS\System32\PSAPI.DLL
0x00007ffc76660000 - 0x00007ffc7666a000 	C:\WINDOWS\SYSTEM32\VERSION.dll
0x00007ffc6bda0000 - 0x00007ffc6bda9000 	C:\WINDOWS\SYSTEM32\WSOCK32.dll
0x00007ffc80ce0000 - 0x00007ffc80d4b000 	C:\WINDOWS\System32\WS2_32.dll
0x00007ffc7efb0000 - 0x00007ffc7efd7000 	C:\WINDOWS\SYSTEM32\WINMM.dll
0x00007ffc7fcd0000 - 0x00007ffc7fce2000 	C:\WINDOWS\System32\kernel.appcore.dll
0x00007ffc7eed0000 - 0x00007ffc7eee1000 	D:\JetBrains\IntelliJ IDEA 2021.1.1\jbr\bin\verify.dll
0x00007ffc7f3f0000 - 0x00007ffc7f5d4000 	C:\WINDOWS\SYSTEM32\DBGHELP.DLL
0x00007ffc7f220000 - 0x00007ffc7f24c000 	C:\WINDOWS\SYSTEM32\dbgcore.DLL
0x00007ffc80010000 - 0x00007ffc80092000 	C:\WINDOWS\System32\bcryptPrimitives.dll
0x00007ffc6d900000 - 0x00007ffc6d929000 	D:\JetBrains\IntelliJ IDEA 2021.1.1\jbr\bin\java.dll
0x00007ffc7eec0000 - 0x00007ffc7eecb000 	D:\JetBrains\IntelliJ IDEA 2021.1.1\jbr\bin\jimage.dll
0x00007ffc60140000 - 0x00007ffc60158000 	D:\JetBrains\IntelliJ IDEA 2021.1.1\jbr\bin\zip.dll

dbghelp: loaded successfully - version: 4.0.5 - missing functions: none
symbol engine: initialized successfully - sym options: 0x614 - pdb path: .;D:\JetBrains\IntelliJ IDEA 2021.1.1\jbr\bin;C:\WINDOWS\SYSTEM32;C:\WINDOWS\WinSxS\amd64_microsoft.windows.common-controls_6595b64144ccf1df_6.0.19041.1110_none_60b5254171f9507e;D:\JetBrains\IntelliJ IDEA 2021.1.1\jbr\bin\server

VM Arguments:
jvm_args: -Djava.rmi.server.hostname=127.0.0.1 -Duser.timezone=UTC -Xmx5120m -Xms5120m -Dfile.encoding=UTF-8 
java_command: com.intellij.database.remote.RemoteJdbcServer com.mysql.cj.jdbc.Driver
java_class_path (initial): D:\JetBrains\IntelliJ IDEA 2021.1.1\lib\util.jar;D:\JetBrains\IntelliJ IDEA 2021.1.1\lib\trove4j.jar;D:\JetBrains\IntelliJ IDEA 2021.1.1\lib\groovy-2.5.11.jar;D:\JetBrains\IntelliJ IDEA 2021.1.1\plugins\DatabaseTools\lib\jdbc-console.jar;C:\Users\1\AppData\Roaming\JetBrains\IntelliJIdea2021.1\jdbc-drivers\MySQL ConnectorJ\8.0.25\mysql-connector-java-8.0.25.jar
Launcher Type: SUN_STANDARD

[Global flags]
     intx CICompilerCount                          = 4                                         {product} {ergonomic}
     uint ConcGCThreads                            = 2                                         {product} {ergonomic}
     uint G1ConcRefinementThreads                  = 8                                         {product} {ergonomic}
   size_t G1HeapRegionSize                         = 2097152                                   {product} {ergonomic}
    uintx GCDrainStackTargetSize                   = 64                                        {product} {ergonomic}
   size_t InitialHeapSize                          = 5368709120                                {product} {command line}
   size_t MarkStackSize                            = 4194304                                   {product} {ergonomic}
   size_t MaxHeapSize                              = 5368709120                                {product} {command line}
   size_t MinHeapDeltaBytes                        = 2097152                                   {product} {ergonomic}
    uintx NonNMethodCodeHeapSize                   = 5836300                                {pd product} {ergonomic}
    uintx NonProfiledCodeHeapSize                  = 122910970                              {pd product} {ergonomic}
    uintx ProfiledCodeHeapSize                     = 122910970                              {pd product} {ergonomic}
    uintx ReservedCodeCacheSize                    = 251658240                              {pd product} {ergonomic}
     bool SegmentedCodeCache                       = true                                      {product} {ergonomic}
     bool UseCompressedClassPointers               = true                                 {lp64_product} {ergonomic}
     bool UseCompressedOops                        = true                                 {lp64_product} {ergonomic}
     bool UseG1GC                                  = true                                      {product} {ergonomic}
     bool UseLargePagesIndividualAllocation        = false                                  {pd product} {ergonomic}

Logging:
Log output configuration:
 #0: stdout all=warning uptime,level,tags
 #1: stderr all=off uptime,level,tags

Environment Variables:
JAVA_HOME=C:\Program Files\Java\jdk1.8.0_181
CLASSPATH=.;C:\Program Files\Java\jdk1.8.0_181\lib;C:\Program Files\Java\jdk1.8.0_181\lib\tools.jar
PATH=D:\Maven_Repository\apache-maven-3.6.3\bin;C:\Program Files\Common Files\Oracle\Java\javapath;C:\ProgramData\Oracle\Java\javapath;C:\Program Files\Java\jdk1.8.0_181\bin;C:\WINDOWS\system32;C:\WINDOWS;C:\WINDOWS\System32\Wbem;C:\WINDOWS\System32\WindowsPowerShell\v1.0\;C:\WINDOWS\System32\OpenSSH\;C:\Users\1\AppData\Local\Programs\Python\Python39;C:\Users\1\AppData\Local\Programs\Python\Python39\Scripts;C:\Program Files\MySQL\MySQL Server 8.0\bin;C:\Program Files\Git\cmd;D:\JetBrains\nodeJS\;C:\Program Files\TortoiseGit\bin;D:\JetBrains\IntelliJ IDEA 2021.1.1\bin;;C:\Program Files\Java\jdk1.8.0_181\bin;C:\Users\1\AppData\Roaming\npm
USERNAME=1
OS=Windows_NT
PROCESSOR_IDENTIFIER=Intel64 Family 6 Model 142 Stepping 10, GenuineIntel



---------------  S Y S T E M  ---------------

OS: Windows 10 , 64 bit Build 19041 (10.0.19041.1566)
OS uptime: 8 days 22:07 hours

CPU:total 8 (initial active 8) (4 cores per cpu, 2 threads per core) family 6 model 142 stepping 10 microcode 0xb4, cmov, cx8, fxsr, mmx, sse, sse2, sse3, ssse3, sse4.1, sse4.2, popcnt, avx, avx2, aes, clmul, erms, 3dnowpref, lzcnt, ht, tsc, tscinvbit, bmi1, bmi2, adx, fma

Memory: 4k page, system-wide physical 8078M (400M free)
TotalPageFile size 20537M (AvailPageFile size 5132M)
current process WorkingSet (physical memory assigned to process): 11M, peak: 11M
current process commit charge ("private bytes"): 60M, peak: 5180M

vm_info: Dynamic Code Evolution 64-Bit Server VM (11.0.10+9-b1341.41) for windows-amd64 JRE (11.0.10+9-b1341.41), built on Apr 17 2021 07:18:15 by "" with MS VC++ 14.0 (VS2015)

END.
